Drill report for HackPad_Dristi.kicad_pcb
Created on 2025-07-04T02:37:52-0700

Copper Layer Stackup:
    =============================================================
    L1 :  F.Cu                      front
    L2 :  B.Cu                      back


Drill file 'HackPad_Dristi.drl' contains
    plated through holes:
    =============================================================
    T1  0.300mm  0.0118"  (8 holes)
    T2  0.800mm  0.0315"  (24 holes)
    T3  0.889mm  0.0350"  (14 holes)
    T4  1.000mm  0.0394"  (9 holes)
    T5  1.500mm  0.0591"  (24 holes)
    T6  2.600mm  0.1024"  (2 holes)

    Total plated holes count 81


Not plated through holes are merged with plated holes
    unplated through holes:
    =============================================================
    T7  1.700mm  0.0669"  (24 holes)
    T8  4.000mm  0.1575"  (12 holes)

    Total unplated holes count 36
